        -:    0:Source:selectsort.c
        -:    0:Graph:selectsort.gcno
        -:    0:Data:selectsort.gcda
        -:    0:Runs:1
        -:    0:Programs:1
        -:    1:#ifdef SELECTION_SORT
        -:    2:#include "pa01.h"
        1:    3:void selectSort(int * arr, int size)
        -:    4:	//arr : the array to be sorted
        -:    5:	//size : the number of elements in the array
        -:    6:
        -:    7:	// In each iteration, the number of elements to be sorted shrinks by one
        -:    8:	// i.e., one element is at the correct position.
        -:    9:	//
        -:   10:	// Among the remaining elements, find the smallest value and put it 
        -:   11:	// before the other unsorted elements
        -:   12:{
        -:   13:	int least;
        -:   14:	int new;
    16384:   15:	for (int i = 0; i < size; i++)
        -:   16:	{
    16383:   17:		least = i;
134225919:   18:		for(int n = i + 1; n <= size; n++)
        -:   19:		{
134209536:   20:			if(arr[n] < arr[least])
        -:   21:			{
   134056:   22:				least = n;
        -:   23:			}
        -:   24:		}
    16383:   25:		new = arr[i];
    16383:   26:		arr[i] = arr[least];
    16383:   27:		arr[least] = new;
        -:   28:	}
        1:   29:	return;
        -:   30:}
        -:   31:#endif
